<?xml version="1.0" encoding="UTF-8" ?>
<testsuite failures="0" time="0.67" errors="0" skipped="0" tests="17" name="dk.statsbiblioteket.mediaplatform.ingest.mediafilesinitiator.IngestMediaFilesInitiatorTest">
  <properties>
[...]
</properties>
  <testcase time="0.143" classname="dk.statsbiblioteket.mediaplatform.ingest.mediafilesinitiator.IngestMediaFilesInitiatorTest" name="outputFormatTest"/>
  <testcase time="0.046" classname="dk.statsbiblioteket.mediaplatform.ingest.mediafilesinitiator.IngestMediaFilesInitiatorTest" name="inferFilesToIngestFilenameTest"/>
  <testcase time="0.019" classname="dk.statsbiblioteket.mediaplatform.ingest.mediafilesinitiator.IngestMediaFilesInitiatorTest" name="inferTotalFilesToDownloadOneChannelOneWeekTest"/>
  <testcase time="0.016" classname="dk.statsbiblioteket.mediaplatform.ingest.mediafilesinitiator.IngestMediaFilesInitiatorTest" name="inferTotalFilesToDownloadOneChannelTwoWeeksTest"/>
  <testcase time="0.02" classname="dk.statsbiblioteket.mediaplatform.ingest.mediafilesinitiator.IngestMediaFilesInitiatorTest" name="inferTotalFilesToDownloadOneChannelTwoWeeksTestDisabled"/>
  <testcase time="0.041" classname="dk.statsbiblioteket.mediaplatform.ingest.mediafilesinitiator.IngestMediaFilesInitiatorTest" name="inferTotalFilesToDownloadOneChannelWeekDaysOneWeekTest"/>
  <testcase time="0.087" classname="dk.statsbiblioteket.mediaplatform.ingest.mediafilesinitiator.IngestMediaFilesInitiatorTest" name="inferTotalFilesToDownloadOneChannelDailyOneWeekTest"/>
  <testcase time="0.229" classname="dk.statsbiblioteket.mediaplatform.ingest.mediafilesinitiator.IngestMediaFilesInitiatorTest" name="inferTotalFilesToDownloadOneChannelOverlappingRequestOneWeekTest"/>
  <testcase time="0" classname="dk.statsbiblioteket.mediaplatform.ingest.mediafilesinitiator.IngestMediaFilesInitiatorTest" name="testGetSBFileID_checkSBFilename"/>
  <testcase time="0" classname="dk.statsbiblioteket.mediaplatform.ingest.mediafilesinitiator.IngestMediaFilesInitiatorTest" name="testShouldInititateIngest_notIngested"/>
  <testcase time="0" classname="dk.statsbiblioteket.mediaplatform.ingest.mediafilesinitiator.IngestMediaFilesInitiatorTest" name="testShouldInititateIngest_failedIngest"/>
  <testcase time="0.001" classname="dk.statsbiblioteket.mediaplatform.ingest.mediafilesinitiator.IngestMediaFilesInitiatorTest" name="testShouldInititateIngest_completedIngest"/>
  <testcase time="0" classname="dk.statsbiblioteket.mediaplatform.ingest.mediafilesinitiator.IngestMediaFilesInitiatorTest" name="testShouldInititateIngest_recentlyStartedIngest"/>
  <testcase time="0" classname="dk.statsbiblioteket.mediaplatform.ingest.mediafilesinitiator.IngestMediaFilesInitiatorTest" name="testShouldInititateIngest_stopped"/>
  <testcase time="0.015" classname="dk.statsbiblioteket.mediaplatform.ingest.mediafilesinitiator.IngestMediaFilesInitiatorTest" name="testShouldInititateIngest_restarted"/>
  <testcase time="0.029" classname="dk.statsbiblioteket.mediaplatform.ingest.mediafilesinitiator.IngestMediaFilesInitiatorTest" name="testShouldInititateIngest_recentlyFailed"/>
  <testcase time="0.017" classname="dk.statsbiblioteket.mediaplatform.ingest.mediafilesinitiator.IngestMediaFilesInitiatorTest" name="testShouldInititateIngest_notRecentlyFailed"/>
</testsuite>